c:\computer science\שנה ג\artificial intelligence\project\ai-shooter\ai-shooter\debug\vc142.pdb
c:\computer science\שנה ג\artificial intelligence\project\ai-shooter\ai-shooter\debug\vc142.idb
c:\computer science\שנה ג\artificial intelligence\project\ai-shooter\ai-shooter\debug\support.obj
c:\computer science\שנה ג\artificial intelligence\project\ai-shooter\ai-shooter\debug\storage.obj
c:\computer science\שנה ג\artificial intelligence\project\ai-shooter\ai-shooter\debug\soldier.obj
c:\computer science\שנה ג\artificial intelligence\project\ai-shooter\ai-shooter\debug\room.obj
c:\computer science\שנה ג\artificial intelligence\project\ai-shooter\ai-shooter\debug\point2d.obj
c:\computer science\שנה ג\artificial intelligence\project\ai-shooter\ai-shooter\debug\player.obj
c:\computer science\שנה ג\artificial intelligence\project\ai-shooter\ai-shooter\debug\mapcell.obj
c:\computer science\שנה ג\artificial intelligence\project\ai-shooter\ai-shooter\debug\main.obj
c:\computer science\שנה ג\artificial intelligence\project\ai-shooter\ai-shooter\debug\healthstorage.obj
c:\computer science\שנה ג\artificial intelligence\project\ai-shooter\ai-shooter\debug\gamemanager.obj
c:\computer science\שנה ג\artificial intelligence\project\ai-shooter\ai-shooter\debug\createmap.obj
c:\computer science\שנה ג\artificial intelligence\project\ai-shooter\ai-shooter\debug\cell.obj
c:\computer science\שנה ג\artificial intelligence\project\ai-shooter\ai-shooter\debug\bullet.obj
c:\computer science\שנה ג\artificial intelligence\project\ai-shooter\ai-shooter\debug\astar.obj
c:\computer science\שנה ג\artificial intelligence\project\ai-shooter\ai-shooter\debug\ammostorage.obj
c:\computer science\שנה ג\artificial intelligence\project\ai-shooter\ai-shooter\debug\grenade.obj
c:\computer science\שנה ג\artificial intelligence\project\ai-shooter\debug\ai-shooter.exe
c:\computer science\שנה ג\artificial intelligence\project\ai-shooter\ai-shooter\debug\ai-shooter.ilk
c:\computer science\שנה ג\artificial intelligence\project\ai-shooter\debug\ai-shooter.pdb
c:\computer science\שנה ג\artificial intelligence\project\ai-shooter\ai-shooter\debug\ai-shooter.tlog\cl.command.1.tlog
c:\computer science\שנה ג\artificial intelligence\project\ai-shooter\ai-shooter\debug\ai-shooter.tlog\cl.read.1.tlog
c:\computer science\שנה ג\artificial intelligence\project\ai-shooter\ai-shooter\debug\ai-shooter.tlog\cl.write.1.tlog
c:\computer science\שנה ג\artificial intelligence\project\ai-shooter\ai-shooter\debug\ai-shooter.tlog\link.command.1.tlog
c:\computer science\שנה ג\artificial intelligence\project\ai-shooter\ai-shooter\debug\ai-shooter.tlog\link.read.1.tlog
c:\computer science\שנה ג\artificial intelligence\project\ai-shooter\ai-shooter\debug\ai-shooter.tlog\link.write.1.tlog
